<?xml version="1.0" encoding="UTF-8"?>
<testng-results ignored="0" total="6" passed="6" failed="0" skipped="0">
  <reporter-output>
  </reporter-output>
  <suite started-at="2025-02-17T20:03:41 IST" name="Default suite" finished-at="2025-02-17T20:03:56 IST" duration-ms="15766">
    <groups>
    </groups>
    <test started-at="2025-02-17T20:03:41 IST" name="Default test" finished-at="2025-02-17T20:03:56 IST" duration-ms="15766">
      <class name="Library.validation">
        <test-method signature="addBook(java.lang.String,java.lang.String)[pri:0, instance:Library.validation@68702e03]" started-at="2025-02-17T20:03:41 IST" name="addBook" data-provider="BooksData" finished-at="2025-02-17T20:03:55 IST" duration-ms="13707" status="PASS">
          <params>
            <param index="0">
              <value>
                <![CDATA[hyujgh]]>
              </value>
            </param>
            <param index="1">
              <value>
                <![CDATA[89656]]>
              </value>
            </param>
          </params>
          <reporter-output>
          </reporter-output>
        </test-method> <!-- addBook -->
        <test-method signature="addBook(java.lang.String,java.lang.String)[pri:0, instance:Library.validation@68702e03]" started-at="2025-02-17T20:03:55 IST" name="addBook" data-provider="BooksData" finished-at="2025-02-17T20:03:55 IST" duration-ms="368" status="PASS">
          <params>
            <param index="0">
              <value>
                <![CDATA[rdfgtb]]>
              </value>
            </param>
            <param index="1">
              <value>
                <![CDATA[34322]]>
              </value>
            </param>
          </params>
          <reporter-output>
          </reporter-output>
        </test-method> <!-- addBook -->
        <test-method signature="addBook(java.lang.String,java.lang.String)[pri:0, instance:Library.validation@68702e03]" started-at="2025-02-17T20:03:55 IST" name="addBook" data-provider="BooksData" finished-at="2025-02-17T20:03:55 IST" duration-ms="419" status="PASS">
          <params>
            <param index="0">
              <value>
                <![CDATA[erftgh]]>
              </value>
            </param>
            <param index="1">
              <value>
                <![CDATA[45667]]>
              </value>
            </param>
          </params>
          <reporter-output>
          </reporter-output>
        </test-method> <!-- addBook -->
        <test-method signature="deleteBook(java.lang.String,java.lang.String)[pri:0, instance:Library.validation@68702e03]" started-at="2025-02-17T20:03:55 IST" name="deleteBook" data-provider="BooksData" finished-at="2025-02-17T20:03:56 IST" duration-ms="245" status="PASS">
          <params>
            <param index="0">
              <value>
                <![CDATA[hyujgh]]>
              </value>
            </param>
            <param index="1">
              <value>
                <![CDATA[89656]]>
              </value>
            </param>
          </params>
          <reporter-output>
          </reporter-output>
        </test-method> <!-- deleteBook -->
        <test-method signature="deleteBook(java.lang.String,java.lang.String)[pri:0, instance:Library.validation@68702e03]" started-at="2025-02-17T20:03:56 IST" name="deleteBook" data-provider="BooksData" finished-at="2025-02-17T20:03:56 IST" duration-ms="372" status="PASS">
          <params>
            <param index="0">
              <value>
                <![CDATA[rdfgtb]]>
              </value>
            </param>
            <param index="1">
              <value>
                <![CDATA[34322]]>
              </value>
            </param>
          </params>
          <reporter-output>
          </reporter-output>
        </test-method> <!-- deleteBook -->
        <test-method signature="deleteBook(java.lang.String,java.lang.String)[pri:0, instance:Library.validation@68702e03]" started-at="2025-02-17T20:03:56 IST" name="deleteBook" data-provider="BooksData" finished-at="2025-02-17T20:03:56 IST" duration-ms="219" status="PASS">
          <params>
            <param index="0">
              <value>
                <![CDATA[erftgh]]>
              </value>
            </param>
            <param index="1">
              <value>
                <![CDATA[45667]]>
              </value>
            </param>
          </params>
          <reporter-output>
          </reporter-output>
        </test-method> <!-- deleteBook -->
      </class> <!-- Library.validation -->
    </test> <!-- Default test -->
  </suite> <!-- Default suite -->
</testng-results>
